<?xml version="1.0" encoding="UTF-8"?>
<!-- Generated by org.testng.reporters.JUnitReportReporter -->
<testsuite hostname="LAPTOP-MR3E6D0T" name="april13.NewTest" tests="4" failures="0" timestamp="13 Apr 2023 12:46:41 GMT" time="14.371" errors="0">
  <testcase name="orangeHrm" time="9.084" classname="april13.NewTest"/>
  <testcase name="orangeHrm" time="1.454" classname="april13.NewTest"/>
  <testcase name="orangeHrm" time="2.034" classname="april13.NewTest"/>
  <testcase name="orangeHrm" time="1.799" classname="april13.NewTest"/>
</testsuite> <!-- april13.NewTest -->
