<?xml version="1.0" encoding="UTF-8"?>
<!-- Generated by org.testng.reporters.JUnitReportReporter -->
<testsuite hostname="LAPTOP-MR3E6D0T" name="driverFactory.driverScript" tests="1" failures="0" timestamp="1 Apr 2023 09:49:54 GMT" time="40.268" errors="0">
  <testcase name="primusTest" time="40.268" classname="driverFactory.driverScript"/>
</testsuite> <!-- driverFactory.driverScript -->
